{"contracts/Registry.sol":{"l":{"14":9,"15":8,"16":8,"17":10,"18":10,"19":9,"25":0},"path":"/home/nihar/contracts-registry/contracts/Registry.sol","s":{"1":9,"2":8,"3":8,"4":10,"5":10,"6":9,"7":0},"b":{"1":[8,1],"2":[9,1]},"f":{"1":9,"2":0},"fnMap":{"1":{"name":"publish","line":13,"loc":{"start":{"line":13,"column":4},"end":{"line":13,"column":105}}},"2":{"name":"publishString","line":24,"loc":{"start":{"line":24,"column":4},"end":{"line":24,"column":48}}}},"statementMap":{"1":{"start":{"line":14,"column":8},"end":{"line":14,"column":94}},"2":{"start":{"line":15,"column":8},"end":{"line":15,"column":38}},"3":{"start":{"line":16,"column":8},"end":{"line":16,"column":656}},"4":{"start":{"line":17,"column":12},"end":{"line":17,"column":71}},"5":{"start":{"line":18,"column":12},"end":{"line":18,"column":42}},"6":{"start":{"line":19,"column":12},"end":{"line":19,"column":83}},"7":{"start":{"line":25,"column":8},"end":{"line":25,"column":45}}},"branchMap":{"1":{"line":14,"type":"if","locations":[{"start":{"line":14,"column":8},"end":{"line":14,"column":8}},{"start":{"line":14,"column":8},"end":{"line":14,"column":8}}]},"2":{"line":18,"type":"if","locations":[{"start":{"line":18,"column":12},"end":{"line":18,"column":12}},{"start":{"line":18,"column":12},"end":{"line":18,"column":12}}]}}},"contracts/utils/strings.sol":{"l":{"49":10,"50":0,"53":0,"54":0,"58":10,"59":10,"72":18,"73":18,"76":18,"85":0,"86":0,"87":0,"88":0,"89":0,"90":0,"92":0,"93":0,"94":0,"96":0,"97":0,"98":0,"100":0,"101":0,"102":0,"104":0,"105":0,"107":0,"119":0,"125":0,"134":0,"143":10,"144":10,"145":10,"147":10,"148":10,"161":0,"162":0,"163":0,"164":0,"165":0,"166":0,"167":0,"169":0,"171":0,"173":0,"175":0,"177":0,"188":0,"201":0,"202":0,"203":0,"205":0,"206":0,"207":0,"208":0,"209":0,"210":0,"214":0,"216":0,"217":0,"218":0,"219":0,"221":0,"222":0,"224":0,"234":0,"245":0,"247":0,"248":0,"249":0,"252":0,"253":0,"255":0,"256":0,"257":0,"259":0,"261":0,"263":0,"267":0,"268":0,"269":0,"270":0,"271":0,"274":0,"275":0,"276":0,"277":0,"287":0,"296":0,"297":0,"300":0,"301":0,"302":0,"305":0,"306":0,"307":0,"308":0,"309":0,"311":0,"312":0,"314":0,"315":0,"317":0,"318":0,"322":0,"323":0,"326":0,"327":0,"328":0,"329":0,"331":0,"333":0,"336":0,"345":0,"357":0,"358":0,"361":0,"362":0,"365":0,"366":0,"372":0,"383":0,"384":0,"387":0,"388":0,"389":0,"397":0,"398":0,"399":0,"402":0,"412":0,"413":0,"416":0,"418":0,"419":0,"422":0,"423":0,"429":0,"440":0,"441":0,"444":0,"445":0,"446":0,"447":0,"454":0,"455":0,"458":0,"464":10,"465":10,"467":10,"468":9,"470":9,"482":9,"485":0,"486":0,"487":0,"488":0,"489":0,"490":0,"491":0,"492":0,"493":0,"497":1,"503":0,"505":0,"506":0,"508":0,"522":0,"525":0,"526":0,"527":0,"528":0,"529":0,"530":0,"531":0,"532":0,"533":0,"537":0,"549":0,"550":0,"551":0,"552":0,"564":0,"565":0,"566":0,"580":10,"581":10,"582":10,"583":10,"585":8,"587":2,"588":2,"590":10,"603":10,"617":0,"618":0,"619":0,"620":0,"622":0,"624":0,"626":0,"639":0,"649":0,"650":0,"651":0,"652":0,"663":0,"674":0,"675":0,"676":0,"677":0,"678":0,"679":0,"691":0,"692":0,"694":0,"695":0,"696":0,"698":0,"699":0,"700":0,"702":0,"703":0,"704":0,"705":0,"706":0,"707":0,"711":0},"path":"/home/nihar/contracts-registry/contracts/utils/strings.sol","s":{"1":10,"2":0,"3":0,"4":10,"5":18,"6":0,"7":0,"8":0,"9":0,"10":0,"11":0,"12":0,"13":0,"14":0,"15":0,"16":0,"17":0,"18":0,"19":0,"20":0,"21":0,"22":0,"23":0,"24":0,"25":10,"26":10,"27":10,"28":0,"29":0,"30":0,"31":0,"32":0,"33":0,"34":0,"35":0,"36":0,"37":0,"38":0,"39":0,"40":0,"41":0,"42":0,"43":0,"44":0,"45":0,"46":0,"47":0,"48":0,"49":0,"50":0,"51":0,"52":0,"53":0,"54":0,"55":0,"56":0,"57":0,"58":0,"59":0,"60":0,"61":0,"62":0,"63":0,"64":0,"65":0,"66":0,"67":0,"68":0,"69":0,"70":0,"71":0,"72":0,"73":0,"74":0,"75":0,"76":0,"77":0,"78":0,"79":0,"80":0,"81":0,"82":0,"83":0,"84":0,"85":0,"86":0,"87":0,"88":0,"89":0,"90":0,"91":0,"92":0,"93":0,"94":0,"95":0,"96":0,"97":0,"98":0,"99":0,"100":0,"101":0,"102":0,"103":0,"104":0,"105":0,"106":0,"107":0,"108":0,"109":0,"110":0,"111":0,"112":0,"113":0,"114":0,"115":0,"116":0,"117":0,"118":0,"119":0,"120":0,"121":0,"122":0,"123":0,"124":0,"125":0,"126":0,"127":0,"128":0,"129":0,"130":10,"131":9,"132":9,"133":0,"134":0,"135":0,"136":0,"137":0,"138":1,"139":0,"140":0,"141":0,"142":0,"143":0,"144":0,"145":0,"146":0,"147":0,"148":0,"149":0,"150":0,"151":0,"152":0,"153":0,"154":0,"155":10,"156":10,"157":10,"158":10,"159":8,"160":2,"161":2,"162":10,"163":10,"164":0,"165":0,"166":0,"167":0,"168":0,"169":0,"170":0,"171":0,"172":0,"173":0,"174":0,"175":0,"176":0,"177":0,"178":0,"179":0,"180":0,"181":0,"182":0,"183":0,"184":0,"185":0,"186":0,"187":0,"188":0,"189":0,"190":0,"191":0,"192":0},"b":{"1":[0,0],"2":[0,0],"3":[0,0],"4":[0,0],"5":[0,0],"6":[0,0],"7":[0,0],"8":[0,0],"9":[0,0],"10":[0,0],"11":[0,0],"12":[0,0],"13":[0,0],"14":[0,0],"15":[0,0],"16":[0,0],"17":[0,0],"18":[0,0],"19":[0,0],"20":[0,0],"21":[0,0],"22":[0,0],"23":[0,0],"24":[0,0],"25":[0,0],"26":[0,0],"27":[0,0],"28":[0,0],"29":[0,0],"30":[0,0],"31":[0,0],"32":[0,0],"33":[0,0],"34":[0,0],"35":[0,0],"36":[9,1],"37":[9,0],"38":[0,0],"39":[0,0],"40":[0,0],"41":[0,0],"42":[8,2],"43":[0,0],"44":[0,0],"45":[0,0]},"f":{"1":10,"2":18,"3":0,"4":0,"5":0,"6":10,"7":0,"8":0,"9":0,"10":0,"11":0,"12":0,"13":0,"14":0,"15":0,"16":0,"17":0,"18":0,"19":10,"20":0,"21":0,"22":0,"23":10,"24":10,"25":0,"26":0,"27":0,"28":0,"29":0,"30":0},"fnMap":{"1":{"name":"memcpy","line":47,"loc":{"start":{"line":47,"column":4},"end":{"line":47,"column":56}}},"2":{"name":"toSlice","line":71,"loc":{"start":{"line":71,"column":4},"end":{"line":71,"column":56}}},"3":{"name":"len","line":84,"loc":{"start":{"line":84,"column":4},"end":{"line":84,"column":52}}},"4":{"name":"toSliceB32","line":117,"loc":{"start":{"line":117,"column":4},"end":{"line":117,"column":64}}},"5":{"name":"copy","line":133,"loc":{"start":{"line":133,"column":4},"end":{"line":133,"column":52}}},"6":{"name":"toString","line":142,"loc":{"start":{"line":142,"column":4},"end":{"line":142,"column":57}}},"7":{"name":"len","line":159,"loc":{"start":{"line":159,"column":4},"end":{"line":159,"column":52}}},"8":{"name":"empty","line":187,"loc":{"start":{"line":187,"column":4},"end":{"line":187,"column":52}}},"9":{"name":"compare","line":200,"loc":{"start":{"line":200,"column":4},"end":{"line":200,"column":66}}},"10":{"name":"equals","line":233,"loc":{"start":{"line":233,"column":4},"end":{"line":233,"column":66}}},"11":{"name":"nextRune","line":244,"loc":{"start":{"line":244,"column":4},"end":{"line":244,"column":68}}},"12":{"name":"nextRune","line":286,"loc":{"start":{"line":286,"column":4},"end":{"line":286,"column":60}}},"13":{"name":"ord","line":295,"loc":{"start":{"line":295,"column":4},"end":{"line":295,"column":54}}},"14":{"name":"keccak","line":344,"loc":{"start":{"line":344,"column":4},"end":{"line":344,"column":60}}},"15":{"name":"startsWith","line":356,"loc":{"start":{"line":356,"column":4},"end":{"line":356,"column":71}}},"16":{"name":"beyond","line":382,"loc":{"start":{"line":382,"column":4},"end":{"line":382,"column":68}}},"17":{"name":"endsWith","line":411,"loc":{"start":{"line":411,"column":4},"end":{"line":411,"column":69}}},"18":{"name":"until","line":439,"loc":{"start":{"line":439,"column":4},"end":{"line":439,"column":67}}},"19":{"name":"findPtr","line":463,"loc":{"start":{"line":463,"column":4},"end":{"line":463,"column":101}}},"20":{"name":"rfindPtr","line":502,"loc":{"start":{"line":502,"column":4},"end":{"line":502,"column":102}}},"21":{"name":"find","line":548,"loc":{"start":{"line":548,"column":4},"end":{"line":548,"column":66}}},"22":{"name":"rfind","line":563,"loc":{"start":{"line":563,"column":4},"end":{"line":563,"column":67}}},"23":{"name":"split","line":579,"loc":{"start":{"line":579,"column":4},"end":{"line":579,"column":80}}},"24":{"name":"split","line":602,"loc":{"start":{"line":602,"column":4},"end":{"line":602,"column":73}}},"25":{"name":"rsplit","line":616,"loc":{"start":{"line":616,"column":4},"end":{"line":616,"column":81}}},"26":{"name":"rsplit","line":638,"loc":{"start":{"line":638,"column":4},"end":{"line":638,"column":74}}},"27":{"name":"count","line":648,"loc":{"start":{"line":648,"column":4},"end":{"line":648,"column":70}}},"28":{"name":"contains","line":662,"loc":{"start":{"line":662,"column":4},"end":{"line":662,"column":69}}},"29":{"name":"concat","line":673,"loc":{"start":{"line":673,"column":4},"end":{"line":673,"column":68}}},"30":{"name":"join","line":690,"loc":{"start":{"line":690,"column":4},"end":{"line":690,"column":68}}}},"statementMap":{"1":{"start":{"line":49,"column":8},"end":{"line":49,"column":2285}},"2":{"start":{"line":53,"column":12},"end":{"line":53,"column":21}},"3":{"start":{"line":54,"column":12},"end":{"line":54,"column":20}},"4":{"start":{"line":58,"column":8},"end":{"line":58,"column":40}},"5":{"start":{"line":76,"column":8},"end":{"line":76,"column":45}},"6":{"start":{"line":86,"column":8},"end":{"line":86,"column":3391}},"7":{"start":{"line":87,"column":12},"end":{"line":87,"column":20}},"8":{"start":{"line":88,"column":8},"end":{"line":88,"column":3424}},"9":{"start":{"line":89,"column":12},"end":{"line":89,"column":20}},"10":{"start":{"line":90,"column":12},"end":{"line":90,"column":75}},"11":{"start":{"line":92,"column":8},"end":{"line":92,"column":3597}},"12":{"start":{"line":93,"column":12},"end":{"line":93,"column":19}},"13":{"start":{"line":94,"column":12},"end":{"line":94,"column":59}},"14":{"start":{"line":96,"column":8},"end":{"line":96,"column":3737}},"15":{"start":{"line":97,"column":12},"end":{"line":97,"column":19}},"16":{"start":{"line":98,"column":12},"end":{"line":98,"column":51}},"17":{"start":{"line":100,"column":8},"end":{"line":100,"column":3861}},"18":{"start":{"line":101,"column":12},"end":{"line":101,"column":19}},"19":{"start":{"line":102,"column":12},"end":{"line":102,"column":47}},"20":{"start":{"line":104,"column":8},"end":{"line":104,"column":3977}},"21":{"start":{"line":105,"column":12},"end":{"line":105,"column":19}},"22":{"start":{"line":107,"column":8},"end":{"line":107,"column":23}},"23":{"start":{"line":125,"column":8},"end":{"line":125,"column":27}},"24":{"start":{"line":134,"column":8},"end":{"line":134,"column":42}},"25":{"start":{"line":143,"column":8},"end":{"line":143,"column":39}},"26":{"start":{"line":147,"column":8},"end":{"line":147,"column":43}},"27":{"start":{"line":148,"column":8},"end":{"line":148,"column":18}},"28":{"start":{"line":161,"column":8},"end":{"line":161,"column":32}},"29":{"start":{"line":162,"column":8},"end":{"line":162,"column":33}},"30":{"start":{"line":163,"column":8},"end":{"line":163,"column":6034}},"31":{"start":{"line":166,"column":12},"end":{"line":166,"column":6153}},"32":{"start":{"line":167,"column":16},"end":{"line":167,"column":23}},"33":{"start":{"line":168,"column":19},"end":{"line":168,"column":6214}},"34":{"start":{"line":169,"column":16},"end":{"line":169,"column":23}},"35":{"start":{"line":170,"column":19},"end":{"line":170,"column":6274}},"36":{"start":{"line":171,"column":16},"end":{"line":171,"column":23}},"37":{"start":{"line":172,"column":19},"end":{"line":172,"column":6334}},"38":{"start":{"line":173,"column":16},"end":{"line":173,"column":23}},"39":{"start":{"line":174,"column":19},"end":{"line":174,"column":6394}},"40":{"start":{"line":175,"column":16},"end":{"line":175,"column":23}},"41":{"start":{"line":177,"column":16},"end":{"line":177,"column":23}},"42":{"start":{"line":188,"column":8},"end":{"line":188,"column":29}},"43":{"start":{"line":201,"column":8},"end":{"line":201,"column":32}},"44":{"start":{"line":202,"column":8},"end":{"line":202,"column":7352}},"45":{"start":{"line":203,"column":12},"end":{"line":203,"column":32}},"46":{"start":{"line":205,"column":8},"end":{"line":205,"column":31}},"47":{"start":{"line":206,"column":8},"end":{"line":206,"column":33}},"48":{"start":{"line":207,"column":8},"end":{"line":207,"column":7467}},"49":{"start":{"line":214,"column":12},"end":{"line":214,"column":7681}},"50":{"start":{"line":216,"column":16},"end":{"line":216,"column":66}},"51":{"start":{"line":217,"column":16},"end":{"line":217,"column":50}},"52":{"start":{"line":218,"column":16},"end":{"line":218,"column":7917}},"53":{"start":{"line":219,"column":20},"end":{"line":219,"column":36}},"54":{"start":{"line":221,"column":12},"end":{"line":221,"column":24}},"55":{"start":{"line":222,"column":12},"end":{"line":222,"column":25}},"56":{"start":{"line":224,"column":8},"end":{"line":224,"column":47}},"57":{"start":{"line":234,"column":8},"end":{"line":234,"column":40}},"58":{"start":{"line":245,"column":8},"end":{"line":245,"column":28}},"59":{"start":{"line":247,"column":8},"end":{"line":247,"column":8835}},"60":{"start":{"line":248,"column":12},"end":{"line":248,"column":24}},"61":{"start":{"line":249,"column":12},"end":{"line":249,"column":23}},"62":{"start":{"line":256,"column":8},"end":{"line":256,"column":9098}},"63":{"start":{"line":257,"column":12},"end":{"line":257,"column":18}},"64":{"start":{"line":258,"column":15},"end":{"line":258,"column":9150}},"65":{"start":{"line":259,"column":12},"end":{"line":259,"column":18}},"66":{"start":{"line":260,"column":15},"end":{"line":260,"column":9201}},"67":{"start":{"line":261,"column":12},"end":{"line":261,"column":18}},"68":{"start":{"line":263,"column":12},"end":{"line":263,"column":18}},"69":{"start":{"line":267,"column":8},"end":{"line":267,"column":9336}},"70":{"start":{"line":268,"column":12},"end":{"line":268,"column":32}},"71":{"start":{"line":269,"column":12},"end":{"line":269,"column":33}},"72":{"start":{"line":270,"column":12},"end":{"line":270,"column":24}},"73":{"start":{"line":271,"column":12},"end":{"line":271,"column":23}},"74":{"start":{"line":274,"column":8},"end":{"line":274,"column":23}},"75":{"start":{"line":275,"column":8},"end":{"line":275,"column":23}},"76":{"start":{"line":276,"column":8},"end":{"line":276,"column":22}},"77":{"start":{"line":277,"column":8},"end":{"line":277,"column":19}},"78":{"start":{"line":287,"column":8},"end":{"line":287,"column":26}},"79":{"start":{"line":296,"column":8},"end":{"line":296,"column":10190}},"80":{"start":{"line":297,"column":12},"end":{"line":297,"column":20}},"81":{"start":{"line":302,"column":8},"end":{"line":302,"column":30}},"82":{"start":{"line":306,"column":8},"end":{"line":306,"column":30}},"83":{"start":{"line":307,"column":8},"end":{"line":307,"column":10459}},"84":{"start":{"line":308,"column":12},"end":{"line":308,"column":18}},"85":{"start":{"line":309,"column":12},"end":{"line":309,"column":21}},"86":{"start":{"line":310,"column":15},"end":{"line":310,"column":10535}},"87":{"start":{"line":311,"column":12},"end":{"line":311,"column":25}},"88":{"start":{"line":312,"column":12},"end":{"line":312,"column":21}},"89":{"start":{"line":313,"column":15},"end":{"line":313,"column":10617}},"90":{"start":{"line":314,"column":12},"end":{"line":314,"column":25}},"91":{"start":{"line":315,"column":12},"end":{"line":315,"column":21}},"92":{"start":{"line":317,"column":12},"end":{"line":317,"column":25}},"93":{"start":{"line":318,"column":12},"end":{"line":318,"column":21}},"94":{"start":{"line":322,"column":8},"end":{"line":322,"column":10814}},"95":{"start":{"line":323,"column":12},"end":{"line":323,"column":20}},"96":{"start":{"line":326,"column":8},"end":{"line":326,"column":10881}},"97":{"start":{"line":327,"column":12},"end":{"line":327,"column":34}},"98":{"start":{"line":328,"column":12},"end":{"line":328,"column":38}},"99":{"start":{"line":329,"column":12},"end":{"line":329,"column":11011}},"100":{"start":{"line":331,"column":16},"end":{"line":331,"column":24}},"101":{"start":{"line":333,"column":12},"end":{"line":333,"column":40}},"102":{"start":{"line":336,"column":8},"end":{"line":336,"column":18}},"103":{"start":{"line":357,"column":8},"end":{"line":357,"column":11831}},"104":{"start":{"line":358,"column":12},"end":{"line":358,"column":24}},"105":{"start":{"line":361,"column":8},"end":{"line":361,"column":11907}},"106":{"start":{"line":362,"column":12},"end":{"line":362,"column":23}},"107":{"start":{"line":372,"column":8},"end":{"line":372,"column":20}},"108":{"start":{"line":383,"column":8},"end":{"line":383,"column":12626}},"109":{"start":{"line":384,"column":12},"end":{"line":384,"column":23}},"110":{"start":{"line":387,"column":8},"end":{"line":387,"column":24}},"111":{"start":{"line":388,"column":8},"end":{"line":388,"column":12728}},"112":{"start":{"line":397,"column":8},"end":{"line":397,"column":13048}},"113":{"start":{"line":398,"column":12},"end":{"line":398,"column":35}},"114":{"start":{"line":399,"column":12},"end":{"line":399,"column":35}},"115":{"start":{"line":402,"column":8},"end":{"line":402,"column":19}},"116":{"start":{"line":412,"column":8},"end":{"line":412,"column":13502}},"117":{"start":{"line":413,"column":12},"end":{"line":413,"column":24}},"118":{"start":{"line":416,"column":8},"end":{"line":416,"column":57}},"119":{"start":{"line":418,"column":8},"end":{"line":418,"column":13638}},"120":{"start":{"line":419,"column":12},"end":{"line":419,"column":23}},"121":{"start":{"line":429,"column":8},"end":{"line":429,"column":20}},"122":{"start":{"line":440,"column":8},"end":{"line":440,"column":14297}},"123":{"start":{"line":441,"column":12},"end":{"line":441,"column":23}},"124":{"start":{"line":444,"column":8},"end":{"line":444,"column":57}},"125":{"start":{"line":445,"column":8},"end":{"line":445,"column":24}},"126":{"start":{"line":446,"column":8},"end":{"line":446,"column":14458}},"127":{"start":{"line":454,"column":8},"end":{"line":454,"column":14732}},"128":{"start":{"line":455,"column":12},"end":{"line":455,"column":35}},"129":{"start":{"line":458,"column":8},"end":{"line":458,"column":19}},"130":{"start":{"line":467,"column":8},"end":{"line":467,"column":15124}},"131":{"start":{"line":468,"column":12},"end":{"line":468,"column":15168}},"132":{"start":{"line":482,"column":16},"end":{"line":482,"column":26}},"133":{"start":{"line":487,"column":16},"end":{"line":487,"column":28}},"134":{"start":{"line":488,"column":16},"end":{"line":488,"column":16069}},"135":{"start":{"line":491,"column":20},"end":{"line":491,"column":16262}},"136":{"start":{"line":492,"column":24},"end":{"line":492,"column":34}},"137":{"start":{"line":493,"column":20},"end":{"line":493,"column":27}},"138":{"start":{"line":497,"column":8},"end":{"line":497,"column":32}},"139":{"start":{"line":505,"column":8},"end":{"line":505,"column":16688}},"140":{"start":{"line":506,"column":12},"end":{"line":506,"column":16732}},"141":{"start":{"line":522,"column":16},"end":{"line":522,"column":26}},"142":{"start":{"line":527,"column":16},"end":{"line":527,"column":52}},"143":{"start":{"line":528,"column":16},"end":{"line":528,"column":17710}},"144":{"start":{"line":531,"column":20},"end":{"line":531,"column":17889}},"145":{"start":{"line":532,"column":24},"end":{"line":532,"column":46}},"146":{"start":{"line":533,"column":20},"end":{"line":533,"column":27}},"147":{"start":{"line":537,"column":8},"end":{"line":537,"column":22}},"148":{"start":{"line":549,"column":8},"end":{"line":549,"column":73}},"149":{"start":{"line":550,"column":8},"end":{"line":550,"column":35}},"150":{"start":{"line":551,"column":8},"end":{"line":551,"column":22}},"151":{"start":{"line":552,"column":8},"end":{"line":552,"column":19}},"152":{"start":{"line":564,"column":8},"end":{"line":564,"column":74}},"153":{"start":{"line":565,"column":8},"end":{"line":565,"column":34}},"154":{"start":{"line":566,"column":8},"end":{"line":566,"column":19}},"155":{"start":{"line":580,"column":8},"end":{"line":580,"column":73}},"156":{"start":{"line":581,"column":8},"end":{"line":581,"column":29}},"157":{"start":{"line":582,"column":8},"end":{"line":582,"column":35}},"158":{"start":{"line":583,"column":8},"end":{"line":583,"column":19898}},"159":{"start":{"line":585,"column":12},"end":{"line":585,"column":24}},"160":{"start":{"line":587,"column":12},"end":{"line":587,"column":48}},"161":{"start":{"line":588,"column":12},"end":{"line":588,"column":40}},"162":{"start":{"line":590,"column":8},"end":{"line":590,"column":20}},"163":{"start":{"line":603,"column":8},"end":{"line":603,"column":33}},"164":{"start":{"line":617,"column":8},"end":{"line":617,"column":74}},"165":{"start":{"line":618,"column":8},"end":{"line":618,"column":23}},"166":{"start":{"line":619,"column":8},"end":{"line":619,"column":49}},"167":{"start":{"line":620,"column":8},"end":{"line":620,"column":21470}},"168":{"start":{"line":622,"column":12},"end":{"line":622,"column":24}},"169":{"start":{"line":624,"column":12},"end":{"line":624,"column":48}},"170":{"start":{"line":626,"column":8},"end":{"line":626,"column":20}},"171":{"start":{"line":639,"column":8},"end":{"line":639,"column":34}},"172":{"start":{"line":649,"column":8},"end":{"line":649,"column":87}},"173":{"start":{"line":650,"column":8},"end":{"line":650,"column":22675}},"174":{"start":{"line":652,"column":12},"end":{"line":652,"column":100}},"175":{"start":{"line":663,"column":8},"end":{"line":663,"column":84}},"176":{"start":{"line":674,"column":8},"end":{"line":674,"column":52}},"177":{"start":{"line":677,"column":8},"end":{"line":677,"column":43}},"178":{"start":{"line":678,"column":8},"end":{"line":678,"column":57}},"179":{"start":{"line":679,"column":8},"end":{"line":679,"column":18}},"180":{"start":{"line":691,"column":8},"end":{"line":691,"column":24283}},"181":{"start":{"line":692,"column":12},"end":{"line":692,"column":21}},"182":{"start":{"line":694,"column":8},"end":{"line":694,"column":51}},"183":{"start":{"line":695,"column":8},"end":{"line":695,"column":24406}},"184":{"start":{"line":696,"column":12},"end":{"line":696,"column":34}},"185":{"start":{"line":698,"column":8},"end":{"line":698,"column":36}},"186":{"start":{"line":702,"column":8},"end":{"line":702,"column":24568}},"187":{"start":{"line":703,"column":12},"end":{"line":703,"column":55}},"188":{"start":{"line":704,"column":12},"end":{"line":704,"column":34}},"189":{"start":{"line":705,"column":12},"end":{"line":705,"column":24715}},"190":{"start":{"line":706,"column":16},"end":{"line":706,"column":51}},"191":{"start":{"line":707,"column":16},"end":{"line":707,"column":34}},"192":{"start":{"line":711,"column":8},"end":{"line":711,"column":18}}},"branchMap":{"1":{"line":86,"type":"if","locations":[{"start":{"line":86,"column":8},"end":{"line":86,"column":8}},{"start":{"line":86,"column":8},"end":{"line":86,"column":8}}]},"2":{"line":88,"type":"if","locations":[{"start":{"line":88,"column":8},"end":{"line":88,"column":8}},{"start":{"line":88,"column":8},"end":{"line":88,"column":8}}]},"3":{"line":92,"type":"if","locations":[{"start":{"line":92,"column":8},"end":{"line":92,"column":8}},{"start":{"line":92,"column":8},"end":{"line":92,"column":8}}]},"4":{"line":96,"type":"if","locations":[{"start":{"line":96,"column":8},"end":{"line":96,"column":8}},{"start":{"line":96,"column":8},"end":{"line":96,"column":8}}]},"5":{"line":100,"type":"if","locations":[{"start":{"line":100,"column":8},"end":{"line":100,"column":8}},{"start":{"line":100,"column":8},"end":{"line":100,"column":8}}]},"6":{"line":104,"type":"if","locations":[{"start":{"line":104,"column":8},"end":{"line":104,"column":8}},{"start":{"line":104,"column":8},"end":{"line":104,"column":8}}]},"7":{"line":166,"type":"if","locations":[{"start":{"line":166,"column":12},"end":{"line":166,"column":12}},{"start":{"line":166,"column":12},"end":{"line":166,"column":12}}]},"8":{"line":168,"type":"if","locations":[{"start":{"line":168,"column":19},"end":{"line":168,"column":19}},{"start":{"line":168,"column":19},"end":{"line":168,"column":19}}]},"9":{"line":170,"type":"if","locations":[{"start":{"line":170,"column":19},"end":{"line":170,"column":19}},{"start":{"line":170,"column":19},"end":{"line":170,"column":19}}]},"10":{"line":172,"type":"if","locations":[{"start":{"line":172,"column":19},"end":{"line":172,"column":19}},{"start":{"line":172,"column":19},"end":{"line":172,"column":19}}]},"11":{"line":174,"type":"if","locations":[{"start":{"line":174,"column":19},"end":{"line":174,"column":19}},{"start":{"line":174,"column":19},"end":{"line":174,"column":19}}]},"12":{"line":202,"type":"if","locations":[{"start":{"line":202,"column":8},"end":{"line":202,"column":8}},{"start":{"line":202,"column":8},"end":{"line":202,"column":8}}]},"13":{"line":214,"type":"if","locations":[{"start":{"line":214,"column":12},"end":{"line":214,"column":12}},{"start":{"line":214,"column":12},"end":{"line":214,"column":12}}]},"14":{"line":218,"type":"if","locations":[{"start":{"line":218,"column":16},"end":{"line":218,"column":16}},{"start":{"line":218,"column":16},"end":{"line":218,"column":16}}]},"15":{"line":247,"type":"if","locations":[{"start":{"line":247,"column":8},"end":{"line":247,"column":8}},{"start":{"line":247,"column":8},"end":{"line":247,"column":8}}]},"16":{"line":256,"type":"if","locations":[{"start":{"line":256,"column":8},"end":{"line":256,"column":8}},{"start":{"line":256,"column":8},"end":{"line":256,"column":8}}]},"17":{"line":258,"type":"if","locations":[{"start":{"line":258,"column":15},"end":{"line":258,"column":15}},{"start":{"line":258,"column":15},"end":{"line":258,"column":15}}]},"18":{"line":260,"type":"if","locations":[{"start":{"line":260,"column":15},"end":{"line":260,"column":15}},{"start":{"line":260,"column":15},"end":{"line":260,"column":15}}]},"19":{"line":267,"type":"if","locations":[{"start":{"line":267,"column":8},"end":{"line":267,"column":8}},{"start":{"line":267,"column":8},"end":{"line":267,"column":8}}]},"20":{"line":296,"type":"if","locations":[{"start":{"line":296,"column":8},"end":{"line":296,"column":8}},{"start":{"line":296,"column":8},"end":{"line":296,"column":8}}]},"21":{"line":307,"type":"if","locations":[{"start":{"line":307,"column":8},"end":{"line":307,"column":8}},{"start":{"line":307,"column":8},"end":{"line":307,"column":8}}]},"22":{"line":310,"type":"if","locations":[{"start":{"line":310,"column":15},"end":{"line":310,"column":15}},{"start":{"line":310,"column":15},"end":{"line":310,"column":15}}]},"23":{"line":313,"type":"if","locations":[{"start":{"line":313,"column":15},"end":{"line":313,"column":15}},{"start":{"line":313,"column":15},"end":{"line":313,"column":15}}]},"24":{"line":322,"type":"if","locations":[{"start":{"line":322,"column":8},"end":{"line":322,"column":8}},{"start":{"line":322,"column":8},"end":{"line":322,"column":8}}]},"25":{"line":329,"type":"if","locations":[{"start":{"line":329,"column":12},"end":{"line":329,"column":12}},{"start":{"line":329,"column":12},"end":{"line":329,"column":12}}]},"26":{"line":357,"type":"if","locations":[{"start":{"line":357,"column":8},"end":{"line":357,"column":8}},{"start":{"line":357,"column":8},"end":{"line":357,"column":8}}]},"27":{"line":361,"type":"if","locations":[{"start":{"line":361,"column":8},"end":{"line":361,"column":8}},{"start":{"line":361,"column":8},"end":{"line":361,"column":8}}]},"28":{"line":383,"type":"if","locations":[{"start":{"line":383,"column":8},"end":{"line":383,"column":8}},{"start":{"line":383,"column":8},"end":{"line":383,"column":8}}]},"29":{"line":388,"type":"if","locations":[{"start":{"line":388,"column":8},"end":{"line":388,"column":8}},{"start":{"line":388,"column":8},"end":{"line":388,"column":8}}]},"30":{"line":397,"type":"if","locations":[{"start":{"line":397,"column":8},"end":{"line":397,"column":8}},{"start":{"line":397,"column":8},"end":{"line":397,"column":8}}]},"31":{"line":412,"type":"if","locations":[{"start":{"line":412,"column":8},"end":{"line":412,"column":8}},{"start":{"line":412,"column":8},"end":{"line":412,"column":8}}]},"32":{"line":418,"type":"if","locations":[{"start":{"line":418,"column":8},"end":{"line":418,"column":8}},{"start":{"line":418,"column":8},"end":{"line":418,"column":8}}]},"33":{"line":440,"type":"if","locations":[{"start":{"line":440,"column":8},"end":{"line":440,"column":8}},{"start":{"line":440,"column":8},"end":{"line":440,"column":8}}]},"34":{"line":446,"type":"if","locations":[{"start":{"line":446,"column":8},"end":{"line":446,"column":8}},{"start":{"line":446,"column":8},"end":{"line":446,"column":8}}]},"35":{"line":454,"type":"if","locations":[{"start":{"line":454,"column":8},"end":{"line":454,"column":8}},{"start":{"line":454,"column":8},"end":{"line":454,"column":8}}]},"36":{"line":467,"type":"if","locations":[{"start":{"line":467,"column":8},"end":{"line":467,"column":8}},{"start":{"line":467,"column":8},"end":{"line":467,"column":8}}]},"37":{"line":468,"type":"if","locations":[{"start":{"line":468,"column":12},"end":{"line":468,"column":12}},{"start":{"line":468,"column":12},"end":{"line":468,"column":12}}]},"38":{"line":491,"type":"if","locations":[{"start":{"line":491,"column":20},"end":{"line":491,"column":20}},{"start":{"line":491,"column":20},"end":{"line":491,"column":20}}]},"39":{"line":505,"type":"if","locations":[{"start":{"line":505,"column":8},"end":{"line":505,"column":8}},{"start":{"line":505,"column":8},"end":{"line":505,"column":8}}]},"40":{"line":506,"type":"if","locations":[{"start":{"line":506,"column":12},"end":{"line":506,"column":12}},{"start":{"line":506,"column":12},"end":{"line":506,"column":12}}]},"41":{"line":531,"type":"if","locations":[{"start":{"line":531,"column":20},"end":{"line":531,"column":20}},{"start":{"line":531,"column":20},"end":{"line":531,"column":20}}]},"42":{"line":583,"type":"if","locations":[{"start":{"line":583,"column":8},"end":{"line":583,"column":8}},{"start":{"line":583,"column":8},"end":{"line":583,"column":8}}]},"43":{"line":620,"type":"if","locations":[{"start":{"line":620,"column":8},"end":{"line":620,"column":8}},{"start":{"line":620,"column":8},"end":{"line":620,"column":8}}]},"44":{"line":691,"type":"if","locations":[{"start":{"line":691,"column":8},"end":{"line":691,"column":8}},{"start":{"line":691,"column":8},"end":{"line":691,"column":8}}]},"45":{"line":705,"type":"if","locations":[{"start":{"line":705,"column":12},"end":{"line":705,"column":12}},{"start":{"line":705,"column":12},"end":{"line":705,"column":12}}]}}}}