TN:
SF:/home/nihar/contracts-registry/contracts/Registry.sol
FN:13,publish
FN:24,publishString
FNF:2
FNH:1
FNDA:9,publish
FNDA:0,publishString
DA:14,9
DA:15,8
DA:16,8
DA:17,10
DA:18,10
DA:19,9
DA:25,0
LF:7
LH:6
BRDA:14,1,0,8
BRDA:14,1,1,1
BRDA:18,2,0,9
BRDA:18,2,1,1
BRF:4
BRH:4
end_of_record
TN:
SF:/home/nihar/contracts-registry/contracts/utils/strings.sol
FN:47,memcpy
FN:71,toSlice
FN:84,len
FN:117,toSliceB32
FN:133,copy
FN:142,toString
FN:159,len
FN:187,empty
FN:200,compare
FN:233,equals
FN:244,nextRune
FN:286,nextRune
FN:295,ord
FN:344,keccak
FN:356,startsWith
FN:382,beyond
FN:411,endsWith
FN:439,until
FN:463,findPtr
FN:502,rfindPtr
FN:548,find
FN:563,rfind
FN:579,split
FN:602,split
FN:616,rsplit
FN:638,rsplit
FN:648,count
FN:662,contains
FN:673,concat
FN:690,join
FNF:30
FNH:6
FNDA:10,memcpy
FNDA:18,toSlice
FNDA:0,len
FNDA:0,toSliceB32
FNDA:0,copy
FNDA:10,toString
FNDA:0,len
FNDA:0,empty
FNDA:0,compare
FNDA:0,equals
FNDA:0,nextRune
FNDA:0,nextRune
FNDA:0,ord
FNDA:0,keccak
FNDA:0,startsWith
FNDA:0,beyond
FNDA:0,endsWith
FNDA:0,until
FNDA:10,findPtr
FNDA:0,rfindPtr
FNDA:0,find
FNDA:0,rfind
FNDA:10,split
FNDA:10,split
FNDA:0,rsplit
FNDA:0,rsplit
FNDA:0,count
FNDA:0,contains
FNDA:0,concat
FNDA:0,join
DA:49,10
DA:50,0
DA:53,0
DA:54,0
DA:58,10
DA:59,10
DA:72,18
DA:73,18
DA:76,18
DA:85,0
DA:86,0
DA:87,0
DA:88,0
DA:89,0
DA:90,0
DA:92,0
DA:93,0
DA:94,0
DA:96,0
DA:97,0
DA:98,0
DA:100,0
DA:101,0
DA:102,0
DA:104,0
DA:105,0
DA:107,0
DA:119,0
DA:125,0
DA:134,0
DA:143,10
DA:144,10
DA:145,10
DA:147,10
DA:148,10
DA:161,0
DA:162,0
DA:163,0
DA:164,0
DA:165,0
DA:166,0
DA:167,0
DA:169,0
DA:171,0
DA:173,0
DA:175,0
DA:177,0
DA:188,0
DA:201,0
DA:202,0
DA:203,0
DA:205,0
DA:206,0
DA:207,0
DA:208,0
DA:209,0
DA:210,0
DA:214,0
DA:216,0
DA:217,0
DA:218,0
DA:219,0
DA:221,0
DA:222,0
DA:224,0
DA:234,0
DA:245,0
DA:247,0
DA:248,0
DA:249,0
DA:252,0
DA:253,0
DA:255,0
DA:256,0
DA:257,0
DA:259,0
DA:261,0
DA:263,0
DA:267,0
DA:268,0
DA:269,0
DA:270,0
DA:271,0
DA:274,0
DA:275,0
DA:276,0
DA:277,0
DA:287,0
DA:296,0
DA:297,0
DA:300,0
DA:301,0
DA:302,0
DA:305,0
DA:306,0
DA:307,0
DA:308,0
DA:309,0
DA:311,0
DA:312,0
DA:314,0
DA:315,0
DA:317,0
DA:318,0
DA:322,0
DA:323,0
DA:326,0
DA:327,0
DA:328,0
DA:329,0
DA:331,0
DA:333,0
DA:336,0
DA:345,0
DA:357,0
DA:358,0
DA:361,0
DA:362,0
DA:365,0
DA:366,0
DA:372,0
DA:383,0
DA:384,0
DA:387,0
DA:388,0
DA:389,0
DA:397,0
DA:398,0
DA:399,0
DA:402,0
DA:412,0
DA:413,0
DA:416,0
DA:418,0
DA:419,0
DA:422,0
DA:423,0
DA:429,0
DA:440,0
DA:441,0
DA:444,0
DA:445,0
DA:446,0
DA:447,0
DA:454,0
DA:455,0
DA:458,0
DA:464,10
DA:465,10
DA:467,10
DA:468,9
DA:470,9
DA:482,9
DA:485,0
DA:486,0
DA:487,0
DA:488,0
DA:489,0
DA:490,0
DA:491,0
DA:492,0
DA:493,0
DA:497,1
DA:503,0
DA:505,0
DA:506,0
DA:508,0
DA:522,0
DA:525,0
DA:526,0
DA:527,0
DA:528,0
DA:529,0
DA:530,0
DA:531,0
DA:532,0
DA:533,0
DA:537,0
DA:549,0
DA:550,0
DA:551,0
DA:552,0
DA:564,0
DA:565,0
DA:566,0
DA:580,10
DA:581,10
DA:582,10
DA:583,10
DA:585,8
DA:587,2
DA:588,2
DA:590,10
DA:603,10
DA:617,0
DA:618,0
DA:619,0
DA:620,0
DA:622,0
DA:624,0
DA:626,0
DA:639,0
DA:649,0
DA:650,0
DA:651,0
DA:652,0
DA:663,0
DA:674,0
DA:675,0
DA:676,0
DA:677,0
DA:678,0
DA:679,0
DA:691,0
DA:692,0
DA:694,0
DA:695,0
DA:696,0
DA:698,0
DA:699,0
DA:700,0
DA:702,0
DA:703,0
DA:704,0
DA:705,0
DA:706,0
DA:707,0
DA:711,0
LF:228
LH:27
BRDA:86,1,0,0
BRDA:86,1,1,0
BRDA:88,2,0,0
BRDA:88,2,1,0
BRDA:92,3,0,0
BRDA:92,3,1,0
BRDA:96,4,0,0
BRDA:96,4,1,0
BRDA:100,5,0,0
BRDA:100,5,1,0
BRDA:104,6,0,0
BRDA:104,6,1,0
BRDA:166,7,0,0
BRDA:166,7,1,0
BRDA:168,8,0,0
BRDA:168,8,1,0
BRDA:170,9,0,0
BRDA:170,9,1,0
BRDA:172,10,0,0
BRDA:172,10,1,0
BRDA:174,11,0,0
BRDA:174,11,1,0
BRDA:202,12,0,0
BRDA:202,12,1,0
BRDA:214,13,0,0
BRDA:214,13,1,0
BRDA:218,14,0,0
BRDA:218,14,1,0
BRDA:247,15,0,0
BRDA:247,15,1,0
BRDA:256,16,0,0
BRDA:256,16,1,0
BRDA:258,17,0,0
BRDA:258,17,1,0
BRDA:260,18,0,0
BRDA:260,18,1,0
BRDA:267,19,0,0
BRDA:267,19,1,0
BRDA:296,20,0,0
BRDA:296,20,1,0
BRDA:307,21,0,0
BRDA:307,21,1,0
BRDA:310,22,0,0
BRDA:310,22,1,0
BRDA:313,23,0,0
BRDA:313,23,1,0
BRDA:322,24,0,0
BRDA:322,24,1,0
BRDA:329,25,0,0
BRDA:329,25,1,0
BRDA:357,26,0,0
BRDA:357,26,1,0
BRDA:361,27,0,0
BRDA:361,27,1,0
BRDA:383,28,0,0
BRDA:383,28,1,0
BRDA:388,29,0,0
BRDA:388,29,1,0
BRDA:397,30,0,0
BRDA:397,30,1,0
BRDA:412,31,0,0
BRDA:412,31,1,0
BRDA:418,32,0,0
BRDA:418,32,1,0
BRDA:440,33,0,0
BRDA:440,33,1,0
BRDA:446,34,0,0
BRDA:446,34,1,0
BRDA:454,35,0,0
BRDA:454,35,1,0
BRDA:467,36,0,9
BRDA:467,36,1,1
BRDA:468,37,0,9
BRDA:468,37,1,0
BRDA:491,38,0,0
BRDA:491,38,1,0
BRDA:505,39,0,0
BRDA:505,39,1,0
BRDA:506,40,0,0
BRDA:506,40,1,0
BRDA:531,41,0,0
BRDA:531,41,1,0
BRDA:583,42,0,8
BRDA:583,42,1,2
BRDA:620,43,0,0
BRDA:620,43,1,0
BRDA:691,44,0,0
BRDA:691,44,1,0
BRDA:705,45,0,0
BRDA:705,45,1,0
BRF:90
BRH:5
end_of_record
